2024-11-15 14:49:10,489 - root - utils.py - get_config - INFO - Reading experiment config.
2024-11-15 14:49:10,624 - root - utils.py - get_config - INFO - Reading experiment config. - done
2024-11-15 14:49:22,392 - root - utils.py - get_config - INFO - Reading experiment config.
2024-11-15 14:49:22,428 - root - utils.py - get_config - INFO - Reading experiment config. - done
2024-11-15 14:49:34,936 - root - utils.py - get_config - INFO - Reading experiment config.
2024-11-15 14:49:34,996 - root - utils.py - get_config - INFO - Reading experiment config. - done
2024-11-15 14:50:32,993 - root - utils.py - get_config - INFO - Reading experiment config.
2024-11-15 14:50:33,023 - root - utils.py - get_config - INFO - Reading experiment config. - done
2024-11-15 15:10:11,992 - root - utils.py - get_config - INFO - Reading experiment config.
2024-11-15 15:10:12,024 - root - utils.py - get_config - INFO - Reading experiment config. - done
2024-11-15 15:13:54,479 - root - utils.py - get_config - INFO - Reading experiment config.
2024-11-15 15:13:54,512 - root - utils.py - get_config - INFO - Reading experiment config. - done
2024-11-15 15:17:08,386 - root - utils.py - get_config - INFO - Reading experiment config.
2024-11-15 15:17:08,424 - root - utils.py - get_config - INFO - Reading experiment config. - done
2024-11-15 15:26:14,888 - root - utils.py - get_config - INFO - Reading experiment config.
2024-11-15 15:26:14,950 - root - utils.py - get_config - INFO - Reading experiment config. - done
2024-11-15 15:40:48,931 - root - utils.py - get_config - INFO - Reading experiment config.
2024-11-15 15:40:48,970 - root - utils.py - get_config - INFO - Reading experiment config. - done
2024-11-15 15:41:57,565 - root - utils.py - get_config - INFO - Reading experiment config.
2024-11-15 15:41:57,592 - root - utils.py - get_config - INFO - Reading experiment config. - done
2024-11-15 15:41:57,682 - root - dense_spont_p1.py - <module> - INFO - Ground truth metadata:
2024-11-15 15:41:57,682 - root - dense_spont_p1.py - <module> - INFO - []
2024-11-15 16:00:40,797 - root - utils.py - get_config - INFO - Reading experiment config.
2024-11-15 16:00:40,830 - root - utils.py - get_config - INFO - Reading experiment config. - done
2024-11-15 16:00:40,964 - root - write_nwb.py - run - INFO - Ground truth metadata:
2024-11-15 16:00:40,964 - root - write_nwb.py - run - INFO - []
2024-11-15 16:03:27,541 - root - utils.py - get_config - INFO - Reading experiment config.
2024-11-15 16:03:27,569 - root - utils.py - get_config - INFO - Reading experiment config. - done
2024-11-15 16:03:27,591 - root - write_nwb.py - run - INFO - Ground truth metadata:
2024-11-15 16:03:27,591 - root - write_nwb.py - run - INFO - []
2024-11-15 16:06:26,199 - root - utils.py - get_config - INFO - Reading experiment config.
2024-11-15 16:06:26,239 - root - utils.py - get_config - INFO - Reading experiment config. - done
2024-11-15 16:06:26,338 - root - write_nwb.py - run - INFO - Ground truth metadata:
2024-11-15 16:06:26,338 - root - write_nwb.py - run - INFO - []
2024-11-15 16:11:24,126 - root - utils.py - get_config - INFO - Reading experiment config.
2024-11-15 16:11:24,194 - root - utils.py - get_config - INFO - Reading experiment config. - done
2024-11-15 16:11:24,367 - root - write_nwb.py - run - INFO - Ground truth metadata:
2024-11-15 16:11:24,367 - root - write_nwb.py - run - INFO - []
2024-11-15 16:13:09,935 - root - utils.py - get_config - INFO - Reading experiment config.
2024-11-15 16:13:09,978 - root - utils.py - get_config - INFO - Reading experiment config. - done
2024-11-15 16:13:10,138 - root - write_nwb.py - run - INFO - Ground truth metadata:
2024-11-15 16:13:10,139 - root - write_nwb.py - run - INFO - []
2024-11-15 16:55:05,572 - root - utils.py - get_config - INFO - Reading experiment config.
2024-11-15 16:55:05,616 - root - utils.py - get_config - INFO - Reading experiment config. - done
2024-11-15 16:55:05,616 - root - utils.py - get_config - INFO - Reading experiment config.
2024-11-15 16:55:05,677 - root - utils.py - get_config - INFO - Reading experiment config. - done
2024-11-15 16:55:05,677 - root - utils.py - get_config - INFO - Reading experiment config.
2024-11-15 16:55:05,715 - root - utils.py - get_config - INFO - Reading experiment config. - done
2024-11-15 16:55:05,716 - root - utils.py - get_config - INFO - Reading experiment config.
2024-11-15 16:55:05,753 - root - utils.py - get_config - INFO - Reading experiment config. - done
2024-11-15 16:55:05,753 - root - utils.py - get_config - INFO - Reading experiment config.
2024-11-15 16:55:05,777 - root - utils.py - get_config - INFO - Reading experiment config. - done
2024-11-15 16:55:05,777 - root - upload.py - <module> - INFO - Uploading NWB files with fitted and wired recordings/sorting to DANDI archive...
2024-11-15 17:06:45,920 - root - upload.py - <module> - INFO - Done uploading to DANDI archive.
2024-11-15 17:17:26,211 - root - utils.py - get_config - INFO - Reading experiment config.
2024-11-15 17:17:26,237 - root - utils.py - get_config - INFO - Reading experiment config. - done
2024-11-15 17:17:26,305 - root - write_nwb.py - run - INFO - Ground truth metadata:
2024-11-15 17:17:26,305 - root - write_nwb.py - run - INFO - []
2024-11-15 17:33:52,085 - root - utils.py - get_config - INFO - Reading experiment config.
2024-11-15 17:33:52,113 - root - utils.py - get_config - INFO - Reading experiment config. - done
2024-11-15 17:33:52,113 - root - utils.py - get_config - INFO - Reading experiment config.
2024-11-15 17:33:52,159 - root - utils.py - get_config - INFO - Reading experiment config. - done
2024-11-15 17:33:52,159 - root - utils.py - get_config - INFO - Reading experiment config.
2024-11-15 17:33:52,201 - root - utils.py - get_config - INFO - Reading experiment config. - done
2024-11-15 17:33:52,201 - root - utils.py - get_config - INFO - Reading experiment config.
2024-11-15 17:33:52,223 - root - utils.py - get_config - INFO - Reading experiment config. - done
2024-11-15 17:33:52,223 - root - utils.py - get_config - INFO - Reading experiment config.
2024-11-15 17:33:52,258 - root - utils.py - get_config - INFO - Reading experiment config. - done
2024-11-15 17:33:52,258 - root - upload.py - <module> - INFO - Uploading NWB files with fitted and wired recordings/sorting to DANDI archive...
2024-11-15 17:36:58,659 - root - upload.py - <module> - INFO - Done uploading to DANDI archive.
2024-11-15 17:42:39,771 - root - utils.py - get_config - INFO - Reading experiment config.
2024-11-15 17:42:39,799 - root - utils.py - get_config - INFO - Reading experiment config. - done
2024-11-15 17:42:39,799 - root - utils.py - get_config - INFO - Reading experiment config.
2024-11-15 17:42:39,844 - root - utils.py - get_config - INFO - Reading experiment config. - done
2024-11-15 17:42:39,845 - root - utils.py - get_config - INFO - Reading experiment config.
2024-11-15 17:42:39,867 - root - utils.py - get_config - INFO - Reading experiment config. - done
2024-11-15 17:42:39,867 - root - utils.py - get_config - INFO - Reading experiment config.
2024-11-15 17:42:39,890 - root - utils.py - get_config - INFO - Reading experiment config. - done
2024-11-15 17:42:39,890 - root - utils.py - get_config - INFO - Reading experiment config.
2024-11-15 17:42:39,912 - root - utils.py - get_config - INFO - Reading experiment config. - done
2024-11-15 17:42:39,912 - root - upload.py - <module> - INFO - Uploading NWB files with fitted and wired recordings/sorting to DANDI archive...
2024-11-15 17:45:46,048 - root - upload.py - <module> - INFO - Done uploading to DANDI archive.
2024-11-15 17:50:18,598 - root - utils.py - get_config - INFO - Reading experiment config.
2024-11-15 17:50:18,624 - root - utils.py - get_config - INFO - Reading experiment config. - done
2024-11-15 17:50:18,641 - root - write_nwb.py - run - INFO - Ground truth metadata:
2024-11-15 17:50:18,641 - root - write_nwb.py - run - INFO - []
2024-11-15 18:13:05,366 - root - utils.py - get_config - INFO - Reading experiment config.
2024-11-15 18:13:05,392 - root - utils.py - get_config - INFO - Reading experiment config. - done
2024-11-15 18:13:05,410 - root - write_nwb.py - run - INFO - Ground truth metadata:
2024-11-15 18:13:05,410 - root - write_nwb.py - run - INFO - []
2024-11-15 18:29:43,552 - root - utils.py - get_config - INFO - Reading experiment config.
2024-11-15 18:29:43,580 - root - utils.py - get_config - INFO - Reading experiment config. - done
2024-11-15 18:29:43,580 - root - utils.py - get_config - INFO - Reading experiment config.
2024-11-15 18:29:43,625 - root - utils.py - get_config - INFO - Reading experiment config. - done
2024-11-15 18:29:43,626 - root - utils.py - get_config - INFO - Reading experiment config.
2024-11-15 18:29:43,648 - root - utils.py - get_config - INFO - Reading experiment config. - done
2024-11-15 18:29:43,648 - root - utils.py - get_config - INFO - Reading experiment config.
2024-11-15 18:29:43,670 - root - utils.py - get_config - INFO - Reading experiment config. - done
2024-11-15 18:29:43,671 - root - utils.py - get_config - INFO - Reading experiment config.
2024-11-15 18:29:43,693 - root - utils.py - get_config - INFO - Reading experiment config. - done
2024-11-15 18:29:43,693 - root - upload.py - <module> - INFO - Uploading NWB files with fitted and wired recordings/sorting to DANDI archive...
2024-11-15 18:36:56,657 - root - upload.py - <module> - INFO - Done uploading to DANDI archive.
2024-11-16 18:47:37,284 - root - utils.py - get_config - INFO - Reading experiment config.
2024-11-16 18:47:37,382 - root - utils.py - get_config - INFO - Reading experiment config. - done
2024-11-16 18:47:37,383 - root - utils.py - get_config - INFO - Reading experiment config.
2024-11-16 18:47:37,451 - root - utils.py - get_config - INFO - Reading experiment config. - done
2024-11-16 18:47:37,451 - root - utils.py - get_config - INFO - Reading experiment config.
2024-11-16 18:47:37,489 - root - utils.py - get_config - INFO - Reading experiment config. - done
2024-11-16 18:47:37,489 - root - utils.py - get_config - INFO - Reading experiment config.
2024-11-16 18:47:37,527 - root - utils.py - get_config - INFO - Reading experiment config. - done
2024-11-16 18:47:37,528 - root - utils.py - get_config - INFO - Reading experiment config.
2024-11-16 18:47:37,567 - root - utils.py - get_config - INFO - Reading experiment config. - done
2024-11-16 18:47:37,568 - root - upload.py - <module> - INFO - Uploading NWB files with fitted and wired recordings/sorting to DANDI archive...
2024-11-16 19:51:04,408 - root - upload.py - <module> - INFO - Done uploading to DANDI archive.
